medialibrary/build/intermediates/manifest_merge_blame_file/debug/manifest-merger-blame-debug-report.txt
1<?xml version="1.0" encoding="utf-8"?>
2<manifest xmlns:android="http://schemas.android.com/apk/res/android"
3    package="org.videolan.medialibrary" >
4
5    <uses-sdk
6        android:minSdkVersion="23"
6-->POPE PLAYER/medialibrary/AndroidManifest.xml
7        android:targetSdkVersion="33" />
7-->POPE PLAYER/medialibrary/AndroidManifest.xml
8
9    <application />
9-->POPE PLAYER/medialibrary/AndroidManifest.xml:5:5-19
10
11</manifest>